<?xml version="1.0" encoding="UTF-8"?>
<testsuite name="com.example.codestates.todolist.controller.ControllerTest" tests="5" skipped="0" failures="0" errors="0" timestamp="2024-01-29T18:39:32" hostname="DESKTOP-UF17CR9" time="0.55">
  <properties/>
  <testcase name="Post 테스트" classname="com.example.codestates.todolist.controller.ControllerTest" time="0.396"/>
  <testcase name="getTodos 테스트" classname="com.example.codestates.todolist.controller.ControllerTest" time="0.004"/>
  <testcase name="patchTodo 테스트" classname="com.example.codestates.todolist.controller.ControllerTest" time="0.119"/>
  <testcase name="getTodo 테스트" classname="com.example.codestates.todolist.controller.ControllerTest" time="0.003"/>
  <testcase name="deleteTodo 테스트" classname="com.example.codestates.todolist.controller.ControllerTest" time="0.021"/>
  <system-out><![CDATA[03:39:28.924 [Test worker] DEBUG org.springframework.test.context.BootstrapUtils - Instantiating CacheAwareContextLoaderDelegate from class [org.springframework.test.context.cache.DefaultCacheAwareContextLoaderDelegate]
03:39:28.937 [Test worker] DEBUG org.springframework.test.context.BootstrapUtils - Instantiating BootstrapContext using constructor [public org.springframework.test.context.support.DefaultBootstrapContext(java.lang.Class,org.springframework.test.context.CacheAwareContextLoaderDelegate)]
03:39:28.983 [Test worker] DEBUG org.springframework.test.context.BootstrapUtils - Instantiating TestContextBootstrapper for test class [com.example.codestates.todolist.controller.ControllerTest] from class [org.springframework.boot.test.autoconfigure.web.servlet.WebMvcTestContextBootstrapper]
03:39:28.999 [Test worker] INFO org.springframework.boot.test.autoconfigure.web.servlet.WebMvcTestContextBootstrapper - Neither @ContextConfiguration nor @ContextHierarchy found for test class [com.example.codestates.todolist.controller.ControllerTest], using SpringBootContextLoader
03:39:29.004 [Test worker] DEBUG org.springframework.test.context.support.AbstractContextLoader - Did not detect default resource location for test class [com.example.codestates.todolist.controller.ControllerTest]: class path resource [com/example/codestates/todolist/controller/ControllerTest-context.xml] does not exist
03:39:29.005 [Test worker] DEBUG org.springframework.test.context.support.AbstractContextLoader - Did not detect default resource location for test class [com.example.codestates.todolist.controller.ControllerTest]: class path resource [com/example/codestates/todolist/controller/ControllerTestContext.groovy] does not exist
03:39:29.005 [Test worker] INFO org.springframework.test.context.support.AbstractContextLoader - Could not detect default resource locations for test class [com.example.codestates.todolist.controller.ControllerTest]: no resource found for suffixes {-context.xml, Context.groovy}.
03:39:29.006 [Test worker] INFO org.springframework.test.context.support.AnnotationConfigContextLoaderUtils - Could not detect default configuration classes for test class [com.example.codestates.todolist.controller.ControllerTest]: ControllerTest does not declare any static, non-private, non-final, nested classes annotated with @Configuration.
03:39:29.083 [Test worker] DEBUG org.springframework.test.context.support.ActiveProfilesUtils - Could not find an 'annotation declaring class' for annotation type [org.springframework.test.context.ActiveProfiles] and class [com.example.codestates.todolist.controller.ControllerTest]
03:39:29.162 [Test worker] DEBUG org.springframework.context.annotation.ClassPathScanningCandidateComponentProvider - Identified candidate component class: file [C:\Users\s221a\IdeaProjects\TodoList\build\classes\java\main\com\example\codestates\SpringStartApplication.class]
03:39:29.163 [Test worker] INFO org.springframework.boot.test.context.SpringBootTestContextBootstrapper - Found @SpringBootConfiguration com.example.codestates.SpringStartApplication for test class com.example.codestates.todolist.controller.ControllerTest
03:39:29.168 [Test worker] DEBUG org.springframework.boot.test.autoconfigure.web.servlet.WebMvcTestContextBootstrapper - @TestExecutionListeners is not present for class [com.example.codestates.todolist.controller.ControllerTest]: using defaults.
03:39:29.168 [Test worker] INFO org.springframework.boot.test.autoconfigure.web.servlet.WebMvcTestContextBootstrapper - Loaded default TestExecutionListener class names from location [META-INF/spring.factories]: [org.springframework.test.context.web.ServletTestExecutionListener, org.springframework.test.context.support.DirtiesContextBeforeModesTestExecutionListener, org.springframework.test.context.event.ApplicationEventsTestExecutionListener, org.springframework.test.context.support.DependencyInjectionTestExecutionListener, org.springframework.test.context.support.DirtiesContextTestExecutionListener, org.springframework.test.context.transaction.TransactionalTestExecutionListener, org.springframework.test.context.jdbc.SqlScriptsTestExecutionListener, org.springframework.test.context.event.EventPublishingTestExecutionListener, org.springframework.boot.test.autoconfigure.restdocs.RestDocsTestExecutionListener, org.springframework.boot.test.autoconfigure.web.client.MockRestServiceServerResetTestExecutionListener, org.springframework.boot.test.autoconfigure.web.servlet.MockMvcPrintOnlyOnFailureTestExecutionListener, org.springframework.boot.test.autoconfigure.web.servlet.WebDriverTestExecutionListener, org.springframework.boot.test.autoconfigure.webservices.client.MockWebServiceServerTestExecutionListener, org.springframework.boot.test.mock.mockito.MockitoTestExecutionListener, org.springframework.boot.test.mock.mockito.ResetMocksTestExecutionListener]
03:39:29.190 [Test worker] INFO org.springframework.boot.test.autoconfigure.web.servlet.WebMvcTestContextBootstrapper - Using TestExecutionListeners: [org.springframework.test.context.web.ServletTestExecutionListener@411341bd, org.springframework.test.context.support.DirtiesContextBeforeModesTestExecutionListener@4c4d362a, org.springframework.test.context.event.ApplicationEventsTestExecutionListener@5400db36, org.springframework.boot.test.mock.mockito.MockitoTestExecutionListener@76b74e9c, org.springframework.boot.test.autoconfigure.SpringBootDependencyInjectionTestExecutionListener@2d72f75e, org.springframework.test.context.support.DirtiesContextTestExecutionListener@8ab78bc, org.springframework.test.context.transaction.TransactionalTestExecutionListener@5aa0dbf4, org.springframework.test.context.jdbc.SqlScriptsTestExecutionListener@16afbd92, org.springframework.test.context.event.EventPublishingTestExecutionListener@2c5d601e, org.springframework.boot.test.autoconfigure.restdocs.RestDocsTestExecutionListener@7fe083b1, org.springframework.boot.test.autoconfigure.web.client.MockRestServiceServerResetTestExecutionListener@23c388c2, org.springframework.boot.test.autoconfigure.web.servlet.MockMvcPrintOnlyOnFailureTestExecutionListener@486be205, org.springframework.boot.test.autoconfigure.web.servlet.WebDriverTestExecutionListener@f713686, org.springframework.boot.test.autoconfigure.webservices.client.MockWebServiceServerTestExecutionListener@74f7d1d2, org.springframework.boot.test.mock.mockito.ResetMocksTestExecutionListener@4b4dd216]
03:39:29.197 [Test worker] DEBUG org.springframework.test.context.support.AbstractDirtiesContextTestExecutionListener - Before test class: context [DefaultTestContext@51768776 testClass = ControllerTest, testInstance = [null], testMethod = [null], testException = [null], mergedContextConfiguration = [WebMergedContextConfiguration@f31c0c6 testClass = ControllerTest, locations = '{}', classes = '{class com.example.codestates.SpringStartApplication}', contextInitializerClasses = '[]', activeProfiles = '{}', propertySourceLocations = '{}', propertySourceProperties = '{org.springframework.boot.test.autoconfigure.web.servlet.WebMvcTestContextBootstrapper=true}', contextCustomizers = set[org.springframework.boot.test.autoconfigure.OverrideAutoConfigurationContextCustomizerFactory$DisableAutoConfigurationContextCustomizer@47dbb1e2, org.springframework.boot.test.autoconfigure.actuate.metrics.MetricsExportContextCustomizerFactory$DisableMetricExportContextCustomizer@6d24ffa1, org.springframework.boot.test.autoconfigure.filter.TypeExcludeFiltersContextCustomizer@5182547d, org.springframework.boot.test.autoconfigure.properties.PropertyMappingContextCustomizer@f9642677, org.springframework.boot.test.autoconfigure.web.servlet.WebDriverContextCustomizerFactory$Customizer@34a75079, [ImportsContextCustomizer@b93aad key = [@org.springframework.boot.test.autoconfigure.web.servlet.AutoConfigureWebMvc(), @org.springframework.boot.test.autoconfigure.web.servlet.WebMvcTest(useDefaultFilters=true, excludeFilters={}, excludeAutoConfiguration={}, controllers={}, value={com.example.codestates.todolist.controller.TodoController.class}, includeFilters={}, properties={}), @org.springframework.context.annotation.Import(value={org.springframework.boot.test.autoconfigure.restdocs.RestDocumentationContextProviderRegistrar.class}), @org.springframework.boot.test.mock.mockito.MockBean(answer=RETURNS_DEFAULTS, classes={}, name="", reset=AFTER, extraInterfaces={}, value={org.springframework.data.jpa.mapping.JpaMetamodelMappingContext.class}, serializable=false), @org.springframework.context.annotation.Import(value={org.springframework.boot.autoconfigure.ImportAutoConfigurationImportSelector.class}), @org.springframework.boot.test.autoconfigure.properties.PropertyMapping(value="spring.test.restdocs", skip=NO), @org.springframework.boot.test.autoconfigure.core.AutoConfigureCache(cacheProvider=NONE), @org.springframework.boot.test.autoconfigure.filter.TypeExcludeFilters(value={org.springframework.boot.test.autoconfigure.web.servlet.WebMvcTypeExcludeFilter.class}), @org.springframework.boot.test.autoconfigure.properties.PropertyMapping(value="spring.test.mockmvc", skip=NO), @org.springframework.boot.autoconfigure.ImportAutoConfiguration(value={}, exclude={}, classes={}), @org.springframework.test.context.BootstrapWith(value=org.springframework.boot.test.autoconfigure.web.servlet.WebMvcTestContextBootstrapper.class), @org.springframework.boot.test.autoconfigure.restdocs.AutoConfigureRestDocs(uriScheme="http", outputDir="", uriPort=8080, value="", uriHost="localhost"), @org.springframework.boot.test.autoconfigure.web.servlet.AutoConfigureMockMvc(webDriverEnabled=true, print=DEFAULT, webClientEnabled=true, printOnlyOnFailure=true, addFilters=true), @org.springframework.boot.test.autoconfigure.OverrideAutoConfiguration(enabled=false)]], org.springframework.boot.test.context.filter.ExcludeFilterContextCustomizer@592e843a, org.springframework.boot.test.json.DuplicateJsonObjectContextCustomizerFactory$DuplicateJsonObjectContextCustomizer@6e16b8b5, org.springframework.boot.test.mock.mockito.MockitoContextCustomizer@f455ee96, org.springframework.boot.test.context.SpringBootTestArgs@1, org.springframework.boot.test.context.SpringBootTestWebEnvironment@0], resourceBasePath = 'src/main/webapp', contextLoader = 'org.springframework.boot.test.context.SpringBootContextLoader', parent = [null]], attributes = map[[empty]]], class annotated with @DirtiesContext [false] with mode [null].

  .   ____          _            __ _ _
 /\\ / ___'_ __ _ _(_)_ __  __ _ \ \ \ \
( ( )\___ | '_ | '_| | '_ \/ _` | \ \ \ \
 \\/  ___)| |_)| | | | | || (_| |  ) ) ) )
  '  |____| .__|_| |_|_| |_\__, | / / / /
 =========|_|==============|___/=/_/_/_/
 :: Spring Boot ::               (v2.7.12)

2024-01-30 03:39:29.818  INFO 20076 --- [    Test worker] c.e.c.t.controller.ControllerTest        : Starting ControllerTest using Java 11.0.20.1 on DESKTOP-UF17CR9 with PID 20076 (started by s221a in C:\Users\s221a\IdeaProjects\TodoList)
2024-01-30 03:39:29.820  INFO 20076 --- [    Test worker] c.e.c.t.controller.ControllerTest        : No active profile set, falling back to 1 default profile: "default"
2024-01-30 03:39:32.145  INFO 20076 --- [    Test worker] o.s.b.t.m.w.SpringBootMockServletContext : Initializing Spring TestDispatcherServlet ''
2024-01-30 03:39:32.145  INFO 20076 --- [    Test worker] o.s.t.web.servlet.TestDispatcherServlet  : Initializing Servlet ''
2024-01-30 03:39:32.147  INFO 20076 --- [    Test worker] o.s.t.web.servlet.TestDispatcherServlet  : Completed initialization in 2 ms
2024-01-30 03:39:32.185  INFO 20076 --- [    Test worker] c.e.c.t.controller.ControllerTest        : Started ControllerTest in 2.916 seconds (JVM running for 4.36)
Post 테스트 시작
getTodos 테스트 시작
patchTodo 테스트 시작
getTodo 테스트 시작
deleteTodo 테스트 시작
]]></system-out>
  <system-err><![CDATA[]]></system-err>
</testsuite>
